<?xml version="1.0" encoding="UTF-8"?>
<!-- Generated by org.testng.reporters.JUnitReportReporter -->
<testsuite hostname="DESKTOP-R9NC35U" failures="0" tests="1" name="com.TestNGDemo1.testCases.TC_PlaceAnOrderTest_007" time="68.024" errors="0" timestamp="2021-05-18T19:41:33 IST" skipped="0">
  <testcase classname="com.TestNGDemo1.testCases.TC_PlaceAnOrderTest_007" name="placeAnOrderTest" time="68.024"/>
  <system-out/>
</testsuite> <!-- com.TestNGDemo1.testCases.TC_PlaceAnOrderTest_007 -->
