<?xml version="1.0" encoding="UTF-8"?>
<!-- Generated by org.testng.reporters.JUnitReportReporter -->
<testsuite skipped="0" hostname="NIBC2613" name="com.TestNGDemo1.testCases.TC_AllInOne_000" tests="2" failures="0" timestamp="2021-05-07T18:14:24 IST" time="64.566" errors="0">
  <testcase name="loginTest" time="42.202" classname="com.TestNGDemo1.testCases.TC_AllInOne_000"/>
  <system-out/>
  <testcase name="registrationTest" time="22.364" classname="com.TestNGDemo1.testCases.TC_AllInOne_000"/>
  <system-out/>
</testsuite> <!-- com.TestNGDemo1.testCases.TC_AllInOne_000 -->
