<?xml version="1.0" encoding="UTF-8"?>
<!-- Generated by org.testng.reporters.JUnitReportReporter -->
<testsuite skipped="0" hostname="NIBC2613" name="com.TestNGDemo1.testCases.TC_LoginTest_001" tests="1" failures="0" timestamp="2021-04-26T20:51:53 IST" time="28.413" errors="0">
  <testcase name="loginTest" time="28.413" classname="com.TestNGDemo1.testCases.TC_LoginTest_001"/>
  <system-out/>
</testsuite> <!-- com.TestNGDemo1.testCases.TC_LoginTest_001 -->
