<?xml version="1.0" encoding="UTF-8"?>
<!-- Generated by org.testng.reporters.JUnitReportReporter -->
<testsuite hostname="DESKTOP-R9NC35U" failures="0" tests="5" name="com.TestNGDemo1.testCases.TC_LoginTestDDT_003" time="43.594" errors="0" timestamp="2021-05-18T19:26:12 IST" skipped="0">
  <testcase classname="com.TestNGDemo1.testCases.TC_LoginTestDDT_003" name="loginDDT" time="7.917"/>
  <system-out/>
  <testcase classname="com.TestNGDemo1.testCases.TC_LoginTestDDT_003" name="loginDDT" time="10.208"/>
  <system-out/>
  <testcase classname="com.TestNGDemo1.testCases.TC_LoginTestDDT_003" name="loginDDT" time="9.004"/>
  <system-out/>
  <testcase classname="com.TestNGDemo1.testCases.TC_LoginTestDDT_003" name="loginDDT" time="8.607"/>
  <system-out/>
  <testcase classname="com.TestNGDemo1.testCases.TC_LoginTestDDT_003" name="loginDDT" time="7.858"/>
  <system-out/>
</testsuite> <!-- com.TestNGDemo1.testCases.TC_LoginTestDDT_003 -->
